<?xml version="1.0" encoding="UTF-8"?>
<testng-results ignored="0" total="1" passed="1" failed="0" skipped="0">
  <reporter-output>
  </reporter-output>
  <suite started-at="2023-04-09T23:24:05 IST" name="Default suite" finished-at="2023-04-09T23:24:09 IST" duration-ms="4088">
    <groups>
    </groups>
    <test started-at="2023-04-09T23:24:05 IST" name="Default test" finished-at="2023-04-09T23:24:09 IST" duration-ms="4088">
      <class name="com.SwagLabs.testCases.TC_002_HomePage">
        <test-method is-config="true" signature="setup()[pri:0, instance:com.SwagLabs.testCases.TC_002_HomePage@77888435]" started-at="2023-04-09T23:24:05 IST" name="setup" finished-at="2023-04-09T23:24:08 IST" duration-ms="3105" status="PASS">
          <reporter-output>
          </reporter-output>
        </test-method> <!-- setup -->
        <test-method signature="testLogin()[pri:0, instance:com.SwagLabs.testCases.TC_002_HomePage@77888435]" started-at="2023-04-09T23:24:08 IST" name="testLogin" finished-at="2023-04-09T23:24:09 IST" duration-ms="953" status="PASS">
          <reporter-output>
          </reporter-output>
        </test-method> <!-- testLogin -->
        <test-method is-config="true" signature="tearDown()[pri:0, instance:com.SwagLabs.testCases.TC_002_HomePage@77888435]" started-at="2023-04-09T23:24:09 IST" name="tearDown" finished-at="2023-04-09T23:24:09 IST" duration-ms="0" status="PASS">
          <reporter-output>
          </reporter-output>
        </test-method> <!-- tearDown -->
      </class> <!-- com.SwagLabs.testCases.TC_002_HomePage -->
    </test> <!-- Default test -->
  </suite> <!-- Default suite -->
</testng-results>
